#
# There is insufficient memory for the Java Runtime Environment to continue.
# Native memory allocation (malloc) failed to allocate 1243856 bytes. Error detail: Chunk::new
# Possible reasons:
#   The system is out of physical RAM or swap space
#   This process is running with CompressedOops enabled, and the Java Heap may be blocking the growth of the native heap
# Possible solutions:
#   Reduce memory load on the system
#   Increase physical memory or swap space
#   Check if swap backing store is full
#   Decrease Java heap size (-Xmx/-Xms)
#   Decrease number of Java threads
#   Decrease Java thread stack sizes (-Xss)
#   Set larger code cache with -XX:ReservedCodeCacheSize=
#   JVM is running with Zero Based Compressed Oops mode in which the Java heap is
#     placed in the first 32GB address space. The Java Heap base address is the
#     maximum limit for the native heap growth. Please use -XX:HeapBaseMinAddress
#     to set the Java Heap base and to place the Java Heap above 32GB virtual address.
# This output file may be truncated or incomplete.
#
#  Out of Memory Error (arena.cpp:162), pid=16340, tid=15976
#
# JRE version: Java(TM) SE Runtime Environment (24.0.1+9) (build 24.0.1+9-30)
# Java VM: Java HotSpot(TM) 64-Bit Server VM (24.0.1+9-30, mixed mode, sharing, tiered, compressed oops, compressed class ptrs, g1 gc, windows-amd64)
# No core dump will be written. Minidumps are not enabled by default on client versions of Windows
#

---------------  S U M M A R Y ------------

Command Line: -javaagent:C:\Program Files\JetBrains\IntelliJ IDEA 2025.1.2\lib\idea_rt.jar=54956 -Dfile.encoding=UTF-8 -Dsun.stdout.encoding=UTF-8 -Dsun.stderr.encoding=UTF-8 com.lmt.Kanban.KanbanBoardApp

Host: Intel(R) Core(TM) i7-10750H CPU @ 2.60GHz, 12 cores, 31G,  Windows 11 , 64 bit Build 26100 (10.0.26100.7309)
Time: Tue Dec 23 12:14:03 2025 SE Asia Standard Time elapsed time: 4842.238918 seconds (0d 1h 20m 42s)

---------------  T H R E A D  ---------------

Current thread (0x000001d2fe692de0):  JavaThread "C2 CompilerThread0" daemon [_thread_in_native, id=15976, stack(0x00000092ed900000,0x00000092eda00000) (1024K)]


Current CompileTask:
C2:4842238 10950       4       java.util.Arrays$ArrayList::contains (14 bytes)

Stack: [0x00000092ed900000,0x00000092eda00000]
Native frames: (J=compiled Java code, j=interpreted, Vv=VM code, C=native code)
V  [jvm.dll+0x730739]  (no source info available)
V  [jvm.dll+0x8d9b23]  (no source info available)
V  [jvm.dll+0x8dc00d]  (no source info available)
V  [jvm.dll+0x8dc683]  (no source info available)
V  [jvm.dll+0x2aa086]  (no source info available)
V  [jvm.dll+0xcedef]  (no source info available)
V  [jvm.dll+0xcf04f]  (no source info available)
V  [jvm.dll+0x154d83]  (no source info available)
V  [jvm.dll+0x735f5f]  (no source info available)
V  [jvm.dll+0x26fa1c]  (no source info available)
V  [jvm.dll+0x26ea3f]  (no source info available)
V  [jvm.dll+0x1e9d60]  (no source info available)
V  [jvm.dll+0x27e1fb]  (no source info available)
V  [jvm.dll+0x27c49a]  (no source info available)
V  [jvm.dll+0x42f456]  (no source info available)
V  [jvm.dll+0x87d76b]  (no source info available)
V  [jvm.dll+0x72ee55]  (no source info available)
C  [ucrtbase.dll+0x37b0]  (no source info available)
C  [KERNEL32.DLL+0x2e8d7]  (no source info available)
C  [ntdll.dll+0x8c53c]  (no source info available)

Lock stack of current Java thread (top to bottom):


---------------  P R O C E S S  ---------------

Threads class SMR info:
_java_thread_list=0x000001d2d264fc70, length=37, elements={
0x000001d2fe687a00, 0x000001d2fe68a250, 0x000001d2fe68b370, 0x000001d2fe68d200,
0x000001d2fe68dd30, 0x000001d2fe68e990, 0x000001d2fe692de0, 0x000001d2cb081f10,
0x000001d2cb2e0030, 0x000001d2cb4b7960, 0x000001d2cb4b80a0, 0x000001d2d0541a60,
0x000001d2d0571550, 0x000001d2d077bfc0, 0x000001d2d078e700, 0x000001d2d16f75a0,
0x000001d2d16f5860, 0x000001d2d16f8440, 0x000001d2d16fa8d0, 0x000001d2d16fc610,
0x000001d2d0bbcd20, 0x000001d2d0bbd470, 0x000001d2d0bbb730, 0x000001d2d0bba890,
0x000001d2d0bbbe80, 0x000001d2d0bbafe0, 0x000001d2d1b18240, 0x000001d2d1b1ae20,
0x000001d2d1b19830, 0x000001d2d1b1b570, 0x000001d2d1b1a6d0, 0x000001d2d1b1bcc0,
0x000001d2d1b18990, 0x000001d2d1b190e0, 0x000001d2d1b1c410, 0x000001d2d533c350,
0x000001d2d533e7e0
}

Java Threads: ( => current thread )
  0x000001d2fe687a00 JavaThread "Reference Handler"          daemon [_thread_blocked, id=18588, stack(0x00000092ed300000,0x00000092ed400000) (1024K)]
  0x000001d2fe68a250 JavaThread "Finalizer"                  daemon [_thread_blocked, id=16712, stack(0x00000092ed400000,0x00000092ed500000) (1024K)]
  0x000001d2fe68b370 JavaThread "Signal Dispatcher"          daemon [_thread_blocked, id=14488, stack(0x00000092ed500000,0x00000092ed600000) (1024K)]
  0x000001d2fe68d200 JavaThread "Attach Listener"            daemon [_thread_blocked, id=21372, stack(0x00000092ed600000,0x00000092ed700000) (1024K)]
  0x000001d2fe68dd30 JavaThread "Service Thread"             daemon [_thread_blocked, id=18156, stack(0x00000092ed700000,0x00000092ed800000) (1024K)]
  0x000001d2fe68e990 JavaThread "Monitor Deflation Thread"   daemon [_thread_blocked, id=7304, stack(0x00000092ed800000,0x00000092ed900000) (1024K)]
=>0x000001d2fe692de0 JavaThread "C2 CompilerThread0"         daemon [_thread_in_native, id=15976, stack(0x00000092ed900000,0x00000092eda00000) (1024K)]
  0x000001d2cb081f10 JavaThread "C1 CompilerThread0"         daemon [_thread_blocked, id=11916, stack(0x00000092eda00000,0x00000092edb00000) (1024K)]
  0x000001d2cb2e0030 JavaThread "Common-Cleaner"             daemon [_thread_blocked, id=15680, stack(0x00000092edc00000,0x00000092edd00000) (1024K)]
  0x000001d2cb4b7960 JavaThread "Monitor Ctrl-Break"         daemon [_thread_in_native, id=9620, stack(0x00000092edd00000,0x00000092ede00000) (1024K)]
  0x000001d2cb4b80a0 JavaThread "Notification Thread"        daemon [_thread_blocked, id=18920, stack(0x00000092ede00000,0x00000092edf00000) (1024K)]
  0x000001d2d0541a60 JavaThread "RMI TCP Accept-0"           daemon [_thread_in_native, id=12292, stack(0x00000092ee000000,0x00000092ee100000) (1024K)]
  0x000001d2d0571550 JavaThread "RMI TCP Connection(15)-26.213.96.220" daemon [_thread_in_native, id=3224, stack(0x00000092ee300000,0x00000092ee400000) (1024K)]
  0x000001d2d077bfc0 JavaThread "RMI Scheduler(0)"           daemon [_thread_blocked, id=17164, stack(0x00000092ee400000,0x00000092ee500000) (1024K)]
  0x000001d2d078e700 JavaThread "JMX server connection timeout 34" daemon [_thread_blocked, id=16188, stack(0x00000092ee500000,0x00000092ee600000) (1024K)]
  0x000001d2d16f75a0 JavaThread "mysql-cj-abandoned-connection-cleanup" daemon [_thread_blocked, id=9876, stack(0x00000092eef00000,0x00000092ef000000) (1024K)]
  0x000001d2d16f5860 JavaThread "HikariPool-1:housekeeper"   daemon [_thread_blocked, id=17436, stack(0x00000092ef300000,0x00000092ef400000) (1024K)]
  0x000001d2d16f8440 JavaThread "Catalina-utility-1"                [_thread_blocked, id=20448, stack(0x00000092ef500000,0x00000092ef600000) (1024K)]
  0x000001d2d16fa8d0 JavaThread "Catalina-utility-2"                [_thread_blocked, id=17352, stack(0x00000092ef600000,0x00000092ef700000) (1024K)]
  0x000001d2d16fc610 JavaThread "container-0"                       [_thread_blocked, id=5416, stack(0x00000092ef700000,0x00000092ef800000) (1024K)]
  0x000001d2d0bbcd20 JavaThread "File Watcher"               daemon [_thread_in_native, id=17140, stack(0x00000092ef800000,0x00000092ef900000) (1024K)]
  0x000001d2d0bbd470 JavaThread "Live Reload Server"         daemon [_thread_in_native, id=6816, stack(0x00000092efa00000,0x00000092efb00000) (1024K)]
  0x000001d2d0bbb730 JavaThread "http-nio-8080-exec-1"       daemon [_thread_blocked, id=14956, stack(0x00000092ef900000,0x00000092efa00000) (1024K)]
  0x000001d2d0bba890 JavaThread "http-nio-8080-exec-2"       daemon [_thread_blocked, id=2824, stack(0x00000092efb00000,0x00000092efc00000) (1024K)]
  0x000001d2d0bbbe80 JavaThread "http-nio-8080-exec-3"       daemon [_thread_blocked, id=17832, stack(0x00000092efc00000,0x00000092efd00000) (1024K)]
  0x000001d2d0bbafe0 JavaThread "http-nio-8080-exec-4"       daemon [_thread_blocked, id=11236, stack(0x00000092efd00000,0x00000092efe00000) (1024K)]
  0x000001d2d1b18240 JavaThread "http-nio-8080-exec-5"       daemon [_thread_blocked, id=7900, stack(0x00000092efe00000,0x00000092eff00000) (1024K)]
  0x000001d2d1b1ae20 JavaThread "http-nio-8080-exec-6"       daemon [_thread_blocked, id=20200, stack(0x00000092eff00000,0x00000092f0000000) (1024K)]
  0x000001d2d1b19830 JavaThread "http-nio-8080-exec-7"       daemon [_thread_blocked, id=17116, stack(0x00000092f0000000,0x00000092f0100000) (1024K)]
  0x000001d2d1b1b570 JavaThread "http-nio-8080-exec-8"       daemon [_thread_blocked, id=9188, stack(0x00000092f0100000,0x00000092f0200000) (1024K)]
  0x000001d2d1b1a6d0 JavaThread "http-nio-8080-exec-9"       daemon [_thread_blocked, id=17360, stack(0x00000092f0200000,0x00000092f0300000) (1024K)]
  0x000001d2d1b1bcc0 JavaThread "http-nio-8080-exec-10"      daemon [_thread_blocked, id=15168, stack(0x00000092f0300000,0x00000092f0400000) (1024K)]
  0x000001d2d1b18990 JavaThread "http-nio-8080-Poller"       daemon [_thread_in_native, id=10916, stack(0x00000092f0400000,0x00000092f0500000) (1024K)]
  0x000001d2d1b190e0 JavaThread "http-nio-8080-Acceptor"     daemon [_thread_in_native, id=17204, stack(0x00000092f0500000,0x00000092f0600000) (1024K)]
  0x000001d2d1b1c410 JavaThread "DestroyJavaVM"                     [_thread_blocked, id=10464, stack(0x00000092ecb00000,0x00000092ecc00000) (1024K)]
  0x000001d2d533c350 JavaThread "HikariPool-1:connection-closer" daemon [_thread_blocked, id=19792, stack(0x00000092ec800000,0x00000092ec900000) (1024K)]
  0x000001d2d533e7e0 JavaThread "HikariPool-1:connection-adder" daemon [_thread_blocked, id=9764, stack(0x00000092ec900000,0x00000092eca00000) (1024K)]
Total: 37

Other Threads:
  0x000001d2fe6760a0 VMThread "VM Thread"                           [id=14816, stack(0x00000092ed200000,0x00000092ed300000) (1024K)]
  0x000001d2cb080ce0 WatcherThread "VM Periodic Task Thread"        [id=18656, stack(0x00000092ed100000,0x00000092ed200000) (1024K)]
  0x000001d2fe4efb10 WorkerThread "GC Thread#0"                     [id=4216, stack(0x00000092ecc00000,0x00000092ecd00000) (1024K)]
  0x000001d2d06b4ee0 WorkerThread "GC Thread#1"                     [id=6476, stack(0x00000092ee600000,0x00000092ee700000) (1024K)]
  0x000001d2d0735720 WorkerThread "GC Thread#2"                     [id=10488, stack(0x00000092ee700000,0x00000092ee800000) (1024K)]
  0x000001d2d07371a0 WorkerThread "GC Thread#3"                     [id=6260, stack(0x00000092ee800000,0x00000092ee900000) (1024K)]
  0x000001d2d0736690 WorkerThread "GC Thread#4"                     [id=19900, stack(0x00000092ee900000,0x00000092eea00000) (1024K)]
  0x000001d2d07362e0 WorkerThread "GC Thread#5"                     [id=17172, stack(0x00000092eea00000,0x00000092eeb00000) (1024K)]
  0x000001d2d0736df0 WorkerThread "GC Thread#6"                     [id=16304, stack(0x00000092eeb00000,0x00000092eec00000) (1024K)]
  0x000001d2d0737900 WorkerThread "GC Thread#7"                     [id=7928, stack(0x00000092eec00000,0x00000092eed00000) (1024K)]
  0x000001d2d0737550 WorkerThread "GC Thread#8"                     [id=18196, stack(0x00000092eed00000,0x00000092eee00000) (1024K)]
  0x000001d2d0735f30 WorkerThread "GC Thread#9"                     [id=8180, stack(0x00000092eee00000,0x00000092eef00000) (1024K)]
  0x000001d2fe532010 ConcurrentGCThread "G1 Main Marker"            [id=12320, stack(0x00000092ecd00000,0x00000092ece00000) (1024K)]
  0x000001d2fe5339d0 WorkerThread "G1 Conc#0"                       [id=12772, stack(0x00000092ece00000,0x00000092ecf00000) (1024K)]
  0x000001d2d0a0c1b0 WorkerThread "G1 Conc#1"                       [id=6752, stack(0x00000092ef000000,0x00000092ef100000) (1024K)]
  0x000001d2d0a0af40 WorkerThread "G1 Conc#2"                       [id=2164, stack(0x00000092ef100000,0x00000092ef200000) (1024K)]
  0x000001d2fe5b21b0 ConcurrentGCThread "G1 Refine#0"               [id=20980, stack(0x00000092ecf00000,0x00000092ed000000) (1024K)]
  0x000001d2fe5b29e0 ConcurrentGCThread "G1 Service"                [id=12756, stack(0x00000092ed000000,0x00000092ed100000) (1024K)]
Total: 18

Threads with active compile tasks:
C2 CompilerThread0  4842294 10950       4       java.util.Arrays$ArrayList::contains (14 bytes)
Total: 1

VM state: not at safepoint (normal execution)

VM Mutex/Monitor currently owned by a thread: None

Heap address: 0x0000000602c00000, size: 8148 MB, Compressed Oops mode: Zero based, Oop shift amount: 3

CDS archive(s) mapped at: [0x000001d28a000000-0x000001d28ad40000-0x000001d28ad40000), size 13893632, SharedBaseAddress: 0x000001d28a000000, ArchiveRelocationMode: 1.
Compressed class space mapped at: 0x000001d28b000000-0x000001d2cb000000, reserved size: 1073741824
UseCompressedClassPointers 1, UseCompactObjectHeaders 0
Narrow klass pointer bits 32, Max shift 3
Narrow klass base: 0x000001d28a000000, Narrow klass shift: 0
Encoding Range: [0x000001d28a000000 - 0x000001d38a000000), (4294967296 bytes)
Klass Range:    [0x000001d28a000000 - 0x000001d2cb000000), (1090519040 bytes)
Klass ID Range:  [8 - 1090519033) (1090519025)

GC Precious Log:
 CardTable entry size: 512
 Card Set container configuration: InlinePtr #cards 4 size 8 Array Of Cards #cards 32 size 80 Howl #buckets 8 coarsen threshold 7372 Howl Bitmap #cards 1024 size 144 coarsen threshold 921 Card regions per heap region 1 cards per card region 8192
 CPUs: 12 total, 12 available
 Memory: 32589M
 Large Page Support: Disabled
 NUMA Support: Disabled
 Compressed Oops: Enabled (Zero based)
 Heap Region Size: 4M
 Heap Min Capacity: 8M
 Heap Initial Capacity: 512M
 Heap Max Capacity: 8148M
 Pre-touch: Disabled
 Parallel Workers: 10
 Concurrent Workers: 3
 Concurrent Refinement Workers: 10
 Periodic GC: Disabled

Heap:
 garbage-first heap   total reserved 8343552K, committed 307200K, used 133711K [0x0000000602c00000, 0x0000000800000000)
  region size 4096K, 25 young (102400K), 3 survivors (12288K)
 Metaspace       used 94443K, committed 95232K, reserved 1179648K
  class space    used 10551K, committed 10880K, reserved 1048576K

Heap Regions: E=young(eden), S=young(survivor), O=old, HS=humongous(starts), HC=humongous(continues), CS=collection set, F=free, TAMS=top-at-mark-start, PB=parsable bottom
|   0|0x0000000602c00000, 0x0000000603000000, 0x0000000603000000|100%| O|  |TAMS 0x0000000602c00000| PB 0x0000000602c00000| Untracked |  0
|   1|0x0000000603000000, 0x0000000603400000, 0x0000000603400000|100%| O|  |TAMS 0x0000000603000000| PB 0x0000000603000000| Untracked |  0
|   2|0x0000000603400000, 0x0000000603800000, 0x0000000603800000|100%| O|  |TAMS 0x0000000603400000| PB 0x0000000603400000| Untracked |  0
|   3|0x0000000603800000, 0x0000000603c00000, 0x0000000603c00000|100%| O|  |TAMS 0x0000000603800000| PB 0x0000000603800000| Untracked |  0
|   4|0x0000000603c00000, 0x0000000604000000, 0x0000000604000000|100%| O|  |TAMS 0x0000000603c00000| PB 0x0000000603c00000| Untracked |  0
|   5|0x0000000604000000, 0x0000000604400000, 0x0000000604400000|100%| O|  |TAMS 0x0000000604000000| PB 0x0000000604000000| Untracked |  0
|   6|0x0000000604400000, 0x0000000604800000, 0x0000000604800000|100%| O|  |TAMS 0x0000000604400000| PB 0x0000000604400000| Untracked |  0
|   7|0x0000000604800000, 0x0000000604c00000, 0x0000000604c00000|100%| O|  |TAMS 0x0000000604800000| PB 0x0000000604800000| Untracked |  0
|   8|0x0000000604c00000, 0x0000000604f0c6f0, 0x0000000605000000| 76%| O|  |TAMS 0x0000000604c00000| PB 0x0000000604c00000| Untracked |  0
|   9|0x0000000605000000, 0x0000000605000000, 0x0000000605400000|  0%| F|  |TAMS 0x0000000605000000| PB 0x0000000605000000| Untracked |  0
|  10|0x0000000605400000, 0x0000000605400000, 0x0000000605800000|  0%| F|  |TAMS 0x0000000605400000| PB 0x0000000605400000| Untracked |  0
|  11|0x0000000605800000, 0x0000000605800000, 0x0000000605c00000|  0%| F|  |TAMS 0x0000000605800000| PB 0x0000000605800000| Untracked |  0
|  12|0x0000000605c00000, 0x0000000605c00000, 0x0000000606000000|  0%| F|  |TAMS 0x0000000605c00000| PB 0x0000000605c00000| Untracked |  0
|  13|0x0000000606000000, 0x0000000606000000, 0x0000000606400000|  0%| F|  |TAMS 0x0000000606000000| PB 0x0000000606000000| Untracked |  0
|  14|0x0000000606400000, 0x0000000606400000, 0x0000000606800000|  0%| F|  |TAMS 0x0000000606400000| PB 0x0000000606400000| Untracked |  0
|  15|0x0000000606800000, 0x0000000606800000, 0x0000000606c00000|  0%| F|  |TAMS 0x0000000606800000| PB 0x0000000606800000| Untracked |  0
|  16|0x0000000606c00000, 0x0000000606c00000, 0x0000000607000000|  0%| F|  |TAMS 0x0000000606c00000| PB 0x0000000606c00000| Untracked |  0
|  17|0x0000000607000000, 0x0000000607000000, 0x0000000607400000|  0%| F|  |TAMS 0x0000000607000000| PB 0x0000000607000000| Untracked |  0
|  18|0x0000000607400000, 0x0000000607400000, 0x0000000607800000|  0%| F|  |TAMS 0x0000000607400000| PB 0x0000000607400000| Untracked |  0
|  19|0x0000000607800000, 0x0000000607800000, 0x0000000607c00000|  0%| F|  |TAMS 0x0000000607800000| PB 0x0000000607800000| Untracked |  0
|  20|0x0000000607c00000, 0x0000000607c00000, 0x0000000608000000|  0%| F|  |TAMS 0x0000000607c00000| PB 0x0000000607c00000| Untracked |  0
|  21|0x0000000608000000, 0x0000000608000000, 0x0000000608400000|  0%| F|  |TAMS 0x0000000608000000| PB 0x0000000608000000| Untracked |  0
|  22|0x0000000608400000, 0x0000000608400000, 0x0000000608800000|  0%| F|  |TAMS 0x0000000608400000| PB 0x0000000608400000| Untracked |  0
|  23|0x0000000608800000, 0x0000000608800000, 0x0000000608c00000|  0%| F|  |TAMS 0x0000000608800000| PB 0x0000000608800000| Untracked |  0
|  24|0x0000000608c00000, 0x0000000608c00000, 0x0000000609000000|  0%| F|  |TAMS 0x0000000608c00000| PB 0x0000000608c00000| Untracked |  0
|  25|0x0000000609000000, 0x0000000609000000, 0x0000000609400000|  0%| F|  |TAMS 0x0000000609000000| PB 0x0000000609000000| Untracked |  0
|  26|0x0000000609400000, 0x0000000609400000, 0x0000000609800000|  0%| F|  |TAMS 0x0000000609400000| PB 0x0000000609400000| Untracked |  0
|  27|0x0000000609800000, 0x0000000609b876d8, 0x0000000609c00000| 88%| S|CS|TAMS 0x0000000609800000| PB 0x0000000609800000| Complete |  0
|  28|0x0000000609c00000, 0x0000000609c00000, 0x000000060a000000|  0%| F|  |TAMS 0x0000000609c00000| PB 0x0000000609c00000| Untracked |  0
|  29|0x000000060a000000, 0x000000060a000000, 0x000000060a400000|  0%| F|  |TAMS 0x000000060a000000| PB 0x000000060a000000| Untracked |  0
|  30|0x000000060a400000, 0x000000060a400000, 0x000000060a800000|  0%| F|  |TAMS 0x000000060a400000| PB 0x000000060a400000| Untracked |  0
|  31|0x000000060a800000, 0x000000060ac00000, 0x000000060ac00000|100%| S|CS|TAMS 0x000000060a800000| PB 0x000000060a800000| Complete |  0
|  32|0x000000060ac00000, 0x000000060b000000, 0x000000060b000000|100%| S|CS|TAMS 0x000000060ac00000| PB 0x000000060ac00000| Complete |  0
|  33|0x000000060b000000, 0x000000060b000000, 0x000000060b400000|  0%| F|  |TAMS 0x000000060b000000| PB 0x000000060b000000| Untracked |  0
|  34|0x000000060b400000, 0x000000060b400000, 0x000000060b800000|  0%| F|  |TAMS 0x000000060b400000| PB 0x000000060b400000| Untracked |  0
|  35|0x000000060b800000, 0x000000060b800000, 0x000000060bc00000|  0%| F|  |TAMS 0x000000060b800000| PB 0x000000060b800000| Untracked |  0
|  36|0x000000060bc00000, 0x000000060bc00000, 0x000000060c000000|  0%| F|  |TAMS 0x000000060bc00000| PB 0x000000060bc00000| Untracked |  0
|  37|0x000000060c000000, 0x000000060c000000, 0x000000060c400000|  0%| F|  |TAMS 0x000000060c000000| PB 0x000000060c000000| Untracked |  0
|  38|0x000000060c400000, 0x000000060c400000, 0x000000060c800000|  0%| F|  |TAMS 0x000000060c400000| PB 0x000000060c400000| Untracked |  0
|  39|0x000000060c800000, 0x000000060c800000, 0x000000060cc00000|  0%| F|  |TAMS 0x000000060c800000| PB 0x000000060c800000| Untracked |  0
|  40|0x000000060cc00000, 0x000000060cc00000, 0x000000060d000000|  0%| F|  |TAMS 0x000000060cc00000| PB 0x000000060cc00000| Untracked |  0
|  41|0x000000060d000000, 0x000000060d000000, 0x000000060d400000|  0%| F|  |TAMS 0x000000060d000000| PB 0x000000060d000000| Untracked |  0
|  42|0x000000060d400000, 0x000000060d400000, 0x000000060d800000|  0%| F|  |TAMS 0x000000060d400000| PB 0x000000060d400000| Untracked |  0
|  43|0x000000060d800000, 0x000000060d800000, 0x000000060dc00000|  0%| F|  |TAMS 0x000000060d800000| PB 0x000000060d800000| Untracked |  0
|  44|0x000000060dc00000, 0x000000060dc00000, 0x000000060e000000|  0%| F|  |TAMS 0x000000060dc00000| PB 0x000000060dc00000| Untracked |  0
|  45|0x000000060e000000, 0x000000060e000000, 0x000000060e400000|  0%| F|  |TAMS 0x000000060e000000| PB 0x000000060e000000| Untracked |  0
|  46|0x000000060e400000, 0x000000060e400000, 0x000000060e800000|  0%| F|  |TAMS 0x000000060e400000| PB 0x000000060e400000| Untracked |  0
|  47|0x000000060e800000, 0x000000060e800000, 0x000000060ec00000|  0%| F|  |TAMS 0x000000060e800000| PB 0x000000060e800000| Untracked |  0
|  48|0x000000060ec00000, 0x000000060ec00000, 0x000000060f000000|  0%| F|  |TAMS 0x000000060ec00000| PB 0x000000060ec00000| Untracked |  0
|  49|0x000000060f000000, 0x000000060f000000, 0x000000060f400000|  0%| F|  |TAMS 0x000000060f000000| PB 0x000000060f000000| Untracked |  0
|  50|0x000000060f400000, 0x000000060f400000, 0x000000060f800000|  0%| F|  |TAMS 0x000000060f400000| PB 0x000000060f400000| Untracked |  0
|  51|0x000000060f800000, 0x000000060f800000, 0x000000060fc00000|  0%| F|  |TAMS 0x000000060f800000| PB 0x000000060f800000| Untracked |  0
|  52|0x000000060fc00000, 0x000000060fc00000, 0x0000000610000000|  0%| F|  |TAMS 0x000000060fc00000| PB 0x000000060fc00000| Untracked |  0
|  53|0x0000000610000000, 0x00000006103d5650, 0x0000000610400000| 95%| E|  |TAMS 0x0000000610000000| PB 0x0000000610000000| Complete |  0
|  54|0x0000000610400000, 0x0000000610800000, 0x0000000610800000|100%| E|CS|TAMS 0x0000000610400000| PB 0x0000000610400000| Complete |  0
|  55|0x0000000610800000, 0x0000000610c00000, 0x0000000610c00000|100%| E|CS|TAMS 0x0000000610800000| PB 0x0000000610800000| Complete |  0
|  56|0x0000000610c00000, 0x0000000611000000, 0x0000000611000000|100%| E|CS|TAMS 0x0000000610c00000| PB 0x0000000610c00000| Complete |  0
|  57|0x0000000611000000, 0x0000000611400000, 0x0000000611400000|100%| E|CS|TAMS 0x0000000611000000| PB 0x0000000611000000| Complete |  0
|  58|0x0000000611400000, 0x0000000611800000, 0x0000000611800000|100%| E|CS|TAMS 0x0000000611400000| PB 0x0000000611400000| Complete |  0
|  59|0x0000000611800000, 0x0000000611c00000, 0x0000000611c00000|100%| E|CS|TAMS 0x0000000611800000| PB 0x0000000611800000| Complete |  0
|  60|0x0000000611c00000, 0x0000000612000000, 0x0000000612000000|100%| E|CS|TAMS 0x0000000611c00000| PB 0x0000000611c00000| Complete |  0
|  61|0x0000000612000000, 0x0000000612400000, 0x0000000612400000|100%| E|CS|TAMS 0x0000000612000000| PB 0x0000000612000000| Complete |  0
|  62|0x0000000612400000, 0x0000000612800000, 0x0000000612800000|100%| E|CS|TAMS 0x0000000612400000| PB 0x0000000612400000| Complete |  0
|  63|0x0000000612800000, 0x0000000612c00000, 0x0000000612c00000|100%| E|CS|TAMS 0x0000000612800000| PB 0x0000000612800000| Complete |  0
|  64|0x0000000612c00000, 0x0000000613000000, 0x0000000613000000|100%| E|CS|TAMS 0x0000000612c00000| PB 0x0000000612c00000| Complete |  0
|  65|0x0000000613000000, 0x0000000613400000, 0x0000000613400000|100%| E|CS|TAMS 0x0000000613000000| PB 0x0000000613000000| Complete |  0
|  66|0x0000000613400000, 0x0000000613800000, 0x0000000613800000|100%| E|CS|TAMS 0x0000000613400000| PB 0x0000000613400000| Complete |  0
|  67|0x0000000613800000, 0x0000000613c00000, 0x0000000613c00000|100%| E|CS|TAMS 0x0000000613800000| PB 0x0000000613800000| Complete |  0
|  68|0x0000000613c00000, 0x0000000614000000, 0x0000000614000000|100%| E|CS|TAMS 0x0000000613c00000| PB 0x0000000613c00000| Complete |  0
|  69|0x0000000614000000, 0x0000000614400000, 0x0000000614400000|100%| E|CS|TAMS 0x0000000614000000| PB 0x0000000614000000| Complete |  0
| 113|0x000000061f000000, 0x000000061f400000, 0x000000061f400000|100%| E|CS|TAMS 0x000000061f000000| PB 0x000000061f000000| Complete |  0
| 116|0x000000061fc00000, 0x0000000620000000, 0x0000000620000000|100%| E|CS|TAMS 0x000000061fc00000| PB 0x000000061fc00000| Complete |  0
| 117|0x0000000620000000, 0x0000000620400000, 0x0000000620400000|100%| E|CS|TAMS 0x0000000620000000| PB 0x0000000620000000| Complete |  0
| 127|0x0000000622800000, 0x0000000622c00000, 0x0000000622c00000|100%| E|CS|TAMS 0x0000000622800000| PB 0x0000000622800000| Complete |  0
|2036|0x00000007ffc00000, 0x0000000800000000, 0x0000000800000000|100%| E|CS|TAMS 0x00000007ffc00000| PB 0x00000007ffc00000| Complete |  0

Card table byte_map: [0x000001d2fd430000,0x000001d2fe420000] _byte_map_base: 0x000001d2fa41a000

Marking Bits: (CMBitMap*) 0x000001d2fe4f0220
 Bits: [0x000001d280000000, 0x000001d287f50000)

Polling page: 0x000001d2e25c0000

Metaspace:

Usage:
  Non-class:     81.93 MB used.
      Class:     10.30 MB used.
       Both:     92.23 MB used.

Virtual space:
  Non-class space:      128.00 MB reserved,      82.38 MB ( 64%) committed,  2 nodes.
      Class space:        1.00 GB reserved,      10.62 MB (  1%) committed,  1 nodes.
             Both:        1.12 GB reserved,      93.00 MB (  8%) committed. 

Chunk freelists:
   Non-Class:  12.84 MB
       Class:  5.22 MB
        Both:  18.06 MB

MaxMetaspaceSize: unlimited
CompressedClassSpaceSize: 1.00 GB
Initial GC threshold: 21.00 MB
Current GC threshold: 98.75 MB
CDS: on
 - commit_granule_bytes: 65536.
 - commit_granule_words: 8192.
 - virtual_space_node_default_size: 8388608.
 - enlarge_chunks_in_place: 1.
UseCompressedClassPointers 1, UseCompactObjectHeaders 0
Narrow klass pointer bits 32, Max shift 3
Narrow klass base: 0x000001d28a000000, Narrow klass shift: 0
Encoding Range: [0x000001d28a000000 - 0x000001d38a000000), (4294967296 bytes)
Klass Range:    [0x000001d28a000000 - 0x000001d2cb000000), (1090519040 bytes)
Klass ID Range:  [8 - 1090519033) (1090519025)


Internal statistics:

num_allocs_failed_limit: 12.
num_arena_births: 1036.
num_arena_deaths: 0.
num_vsnodes_births: 3.
num_vsnodes_deaths: 0.
num_space_committed: 1488.
num_space_uncommitted: 0.
num_chunks_returned_to_freelist: 12.
num_chunks_taken_from_freelist: 4265.
num_chunk_merges: 12.
num_chunk_splits: 3118.
num_chunks_enlarged: 2515.
num_inconsistent_stats: 0.

CodeHeap 'non-profiled nmethods': size=120064Kb used=6648Kb max_used=6648Kb free=113415Kb
 bounds [0x000001d2f48a0000, 0x000001d2f4f20000, 0x000001d2fbde0000]
CodeHeap 'profiled nmethods': size=120000Kb used=17226Kb max_used=17226Kb free=102774Kb
 bounds [0x000001d2ecde0000, 0x000001d2edec0000, 0x000001d2f4310000]
CodeHeap 'non-nmethods': size=5696Kb used=1660Kb max_used=1823Kb free=4035Kb
 bounds [0x000001d2f4310000, 0x000001d2f4580000, 0x000001d2f48a0000]
CodeCache: size=245760Kb, used=25534Kb, max_used=25697Kb, free=220224Kb
 total_blobs=10987, nmethods=10184, adapters=705, full_count=0
Compilation: enabled, stopped_count=0, restarted_count=0

Compilation events (20 events):
Event: 4700.865 Thread 0x000001d2fe692de0 nmethod 10943 0x000001d2f4f1af08 code [0x000001d2f4f1b080, 0x000001d2f4f1be20]
Event: 4714.368 Thread 0x000001d2fe692de0 10944   !   4       sun.nio.ch.SelectorImpl::processDeregisterQueue (145 bytes)
Event: 4714.383 Thread 0x000001d2fe692de0 nmethod 10944 0x000001d2f4f1bf08 code [0x000001d2f4f1c0e0, 0x000001d2f4f1ca10]
Event: 4835.536 Thread 0x000001d2cb081f10 10945       1       com.mysql.cj.protocol.a.NativeServerSession::isAutoCommit (5 bytes)
Event: 4835.536 Thread 0x000001d2cb081f10 nmethod 10945 0x000001d2f4f1cb08 code [0x000001d2f4f1cc00, 0x000001d2f4f1ccc8]
Event: 4835.537 Thread 0x000001d2cb081f10 10946       3       com.zaxxer.hikari.util.ConcurrentBag::getCount (49 bytes)
Event: 4835.541 Thread 0x000001d2cb081f10 nmethod 10946 0x000001d2edeaea08 code [0x000001d2edeaeba0, 0x000001d2edeaf578]
Event: 4835.541 Thread 0x000001d2cb081f10 10947       3       jdk.internal.misc.Unsafe::getAndBitwiseOrInt (27 bytes)
Event: 4835.541 Thread 0x000001d2cb081f10 nmethod 10947 0x000001d2edeaf608 code [0x000001d2edeaf720, 0x000001d2edeaf9c0]
Event: 4835.545 Thread 0x000001d2fe692de0 10948       4       java.math.BigInteger::montReduce (99 bytes)
Event: 4835.563 Thread 0x000001d2fe692de0 nmethod 10948 0x000001d2f4f1ce08 code [0x000001d2f4f1cf80, 0x000001d2f4f1dd30]
Event: 4835.563 Thread 0x000001d2fe692de0 10949       4       java.util.Arrays::fill (23 bytes)
Event: 4835.568 Thread 0x000001d2fe692de0 nmethod 10949 0x000001d2f4f1dd88 code [0x000001d2f4f1de80, 0x000001d2f4f1e010]
Event: 4841.225 Thread 0x000001d2fe692de0 10950       4       java.util.Arrays$ArrayList::contains (14 bytes)
Event: 4841.229 Thread 0x000001d2cb081f10 10952       3       java.math.MutableBigInteger::divideMagnitude (1205 bytes)
Event: 4841.231 Thread 0x000001d2cb081f10 nmethod 10952 0x000001d2edeafa08 code [0x000001d2edeafd80, 0x000001d2edeb1cd0]
Event: 4841.231 Thread 0x000001d2cb081f10 10953       2       java.math.BigInteger::montReduce (99 bytes)
Event: 4841.231 Thread 0x000001d2cb081f10 nmethod 10953 0x000001d2edeb1d08 code [0x000001d2edeb1e60, 0x000001d2edeb21e0]
Event: 4841.231 Thread 0x000001d2cb081f10 10954       3       java.lang.invoke.DirectMethodHandle$Holder::invokeStatic (15 bytes)
Event: 4841.232 Thread 0x000001d2cb081f10 nmethod 10954 0x000001d2edeb2208 code [0x000001d2edeb2340, 0x000001d2edeb27d0]

GC Heap History (20 events):
Event: 6.379 GC heap before
{Heap before GC invocations=8 (full 0):
 garbage-first heap   total reserved 8343552K, committed 86016K, used 65267K [0x0000000602c00000, 0x0000000800000000)
  region size 4096K, 12 young (49152K), 2 survivors (8192K)
 Metaspace       used 56439K, committed 56960K, reserved 1114112K
  class space    used 5838K, committed 6080K, reserved 1048576K
}
Event: 6.386 GC heap after
{Heap after GC invocations=9 (full 0):
 garbage-first heap   total reserved 8343552K, committed 86016K, used 28859K [0x0000000602c00000, 0x0000000800000000)
  region size 4096K, 2 young (8192K), 2 survivors (8192K)
 Metaspace       used 56439K, committed 56960K, reserved 1114112K
  class space    used 5838K, committed 6080K, reserved 1048576K
}
Event: 6.608 GC heap before
{Heap before GC invocations=9 (full 0):
 garbage-first heap   total reserved 8343552K, committed 86016K, used 41147K [0x0000000602c00000, 0x0000000800000000)
  region size 4096K, 6 young (24576K), 2 survivors (8192K)
 Metaspace       used 59838K, committed 60288K, reserved 1114112K
  class space    used 6108K, committed 6336K, reserved 1048576K
}
Event: 6.612 GC heap after
{Heap after GC invocations=10 (full 0):
 garbage-first heap   total reserved 8343552K, committed 86016K, used 29270K [0x0000000602c00000, 0x0000000800000000)
  region size 4096K, 2 young (8192K), 2 survivors (8192K)
 Metaspace       used 59838K, committed 60288K, reserved 1114112K
  class space    used 6108K, committed 6336K, reserved 1048576K
}
Event: 7.327 GC heap before
{Heap before GC invocations=11 (full 0):
 garbage-first heap   total reserved 8343552K, committed 86016K, used 66134K [0x0000000602c00000, 0x0000000800000000)
  region size 4096K, 11 young (45056K), 2 survivors (8192K)
 Metaspace       used 68568K, committed 69184K, reserved 1114112K
  class space    used 7251K, committed 7488K, reserved 1048576K
}
Event: 7.331 GC heap after
{Heap after GC invocations=12 (full 0):
 garbage-first heap   total reserved 8343552K, committed 86016K, used 30830K [0x0000000602c00000, 0x0000000800000000)
  region size 4096K, 1 young (4096K), 1 survivors (4096K)
 Metaspace       used 68568K, committed 69184K, reserved 1114112K
  class space    used 7251K, committed 7488K, reserved 1048576K
}
Event: 8.087 GC heap before
{Heap before GC invocations=12 (full 0):
 garbage-first heap   total reserved 8343552K, committed 86016K, used 71790K [0x0000000602c00000, 0x0000000800000000)
  region size 4096K, 11 young (45056K), 1 survivors (4096K)
 Metaspace       used 75224K, committed 75840K, reserved 1179648K
  class space    used 8169K, committed 8448K, reserved 1048576K
}
Event: 8.091 GC heap after
{Heap after GC invocations=13 (full 0):
 garbage-first heap   total reserved 8343552K, committed 86016K, used 34788K [0x0000000602c00000, 0x0000000800000000)
  region size 4096K, 2 young (8192K), 2 survivors (8192K)
 Metaspace       used 75224K, committed 75840K, reserved 1179648K
  class space    used 8169K, committed 8448K, reserved 1048576K
}
Event: 8.356 GC heap before
{Heap before GC invocations=13 (full 0):
 garbage-first heap   total reserved 8343552K, committed 86016K, used 67556K [0x0000000602c00000, 0x0000000800000000)
  region size 4096K, 10 young (40960K), 2 survivors (8192K)
 Metaspace       used 77077K, committed 77696K, reserved 1179648K
  class space    used 8556K, committed 8832K, reserved 1048576K
}
Event: 8.361 GC heap after
{Heap after GC invocations=14 (full 0):
 garbage-first heap   total reserved 8343552K, committed 86016K, used 35977K [0x0000000602c00000, 0x0000000800000000)
  region size 4096K, 2 young (8192K), 2 survivors (8192K)
 Metaspace       used 77077K, committed 77696K, reserved 1179648K
  class space    used 8556K, committed 8832K, reserved 1048576K
}
Event: 8.591 GC heap before
{Heap before GC invocations=14 (full 0):
 garbage-first heap   total reserved 8343552K, committed 86016K, used 64649K [0x0000000602c00000, 0x0000000800000000)
  region size 4096K, 9 young (36864K), 2 survivors (8192K)
 Metaspace       used 79340K, committed 79936K, reserved 1179648K
  class space    used 8802K, committed 9088K, reserved 1048576K
}
Event: 8.596 GC heap after
{Heap after GC invocations=15 (full 0):
 garbage-first heap   total reserved 8343552K, committed 307200K, used 37251K [0x0000000602c00000, 0x0000000800000000)
  region size 4096K, 1 young (4096K), 1 survivors (4096K)
 Metaspace       used 79340K, committed 79936K, reserved 1179648K
  class space    used 8802K, committed 9088K, reserved 1048576K
}
Event: 527.173 GC heap before
{Heap before GC invocations=15 (full 0):
 garbage-first heap   total reserved 8343552K, committed 307200K, used 217475K [0x0000000602c00000, 0x0000000800000000)
  region size 4096K, 45 young (184320K), 1 survivors (4096K)
 Metaspace       used 94003K, committed 94784K, reserved 1179648K
  class space    used 10534K, committed 10880K, reserved 1048576K
}
Event: 527.193 GC heap after
{Heap after GC invocations=16 (full 0):
 garbage-first heap   total reserved 8343552K, committed 307200K, used 45701K [0x0000000602c00000, 0x0000000800000000)
  region size 4096K, 3 young (12288K), 3 survivors (12288K)
 Metaspace       used 94003K, committed 94784K, reserved 1179648K
  class space    used 10534K, committed 10880K, reserved 1048576K
}
Event: 1588.452 GC heap before
{Heap before GC invocations=16 (full 0):
 garbage-first heap   total reserved 8343552K, committed 307200K, used 189061K [0x0000000602c00000, 0x0000000800000000)
  region size 4096K, 38 young (155648K), 3 survivors (12288K)
 Metaspace       used 94136K, committed 94912K, reserved 1179648K
  class space    used 10539K, committed 10880K, reserved 1048576K
}
Event: 1588.466 GC heap after
{Heap after GC invocations=17 (full 0):
 garbage-first heap   total reserved 8343552K, committed 307200K, used 46392K [0x0000000602c00000, 0x0000000800000000)
  region size 4096K, 3 young (12288K), 3 survivors (12288K)
 Metaspace       used 94136K, committed 94912K, reserved 1179648K
  class space    used 10539K, committed 10880K, reserved 1048576K
}
Event: 2828.481 GC heap before
{Heap before GC invocations=17 (full 0):
 garbage-first heap   total reserved 8343552K, committed 307200K, used 214328K [0x0000000602c00000, 0x0000000800000000)
  region size 4096K, 44 young (180224K), 3 survivors (12288K)
 Metaspace       used 94262K, committed 94976K, reserved 1179648K
  class space    used 10539K, committed 10880K, reserved 1048576K
}
Event: 2828.512 GC heap after
{Heap after GC invocations=18 (full 0):
 garbage-first heap   total reserved 8343552K, committed 307200K, used 46804K [0x0000000602c00000, 0x0000000800000000)
  region size 4096K, 3 young (12288K), 3 survivors (12288K)
 Metaspace       used 94262K, committed 94976K, reserved 1179648K
  class space    used 10539K, committed 10880K, reserved 1048576K
}
Event: 4205.432 GC heap before
{Heap before GC invocations=18 (full 0):
 garbage-first heap   total reserved 8343552K, committed 307200K, used 218836K [0x0000000602c00000, 0x0000000800000000)
  region size 4096K, 45 young (184320K), 3 survivors (12288K)
 Metaspace       used 94339K, committed 95104K, reserved 1179648K
  class space    used 10540K, committed 10880K, reserved 1048576K
}
Event: 4205.461 GC heap after
{Heap after GC invocations=19 (full 0):
 garbage-first heap   total reserved 8343552K, committed 307200K, used 47695K [0x0000000602c00000, 0x0000000800000000)
  region size 4096K, 3 young (12288K), 3 survivors (12288K)
 Metaspace       used 94339K, committed 95104K, reserved 1179648K
  class space    used 10540K, committed 10880K, reserved 1048576K
}

Dll operation events (13 events):
Event: 0.012 Loaded shared library C:\Program Files\Java\jdk-24\bin\java.dll
Event: 0.038 Loaded shared library C:\Program Files\Java\jdk-24\bin\jsvml.dll
Event: 0.151 Loaded shared library C:\Program Files\Java\jdk-24\bin\zip.dll
Event: 0.156 Loaded shared library C:\Program Files\Java\jdk-24\bin\instrument.dll
Event: 0.163 Loaded shared library C:\Program Files\Java\jdk-24\bin\net.dll
Event: 0.165 Loaded shared library C:\Program Files\Java\jdk-24\bin\nio.dll
Event: 0.168 Loaded shared library C:\Program Files\Java\jdk-24\bin\zip.dll
Event: 0.355 Loaded shared library C:\Program Files\Java\jdk-24\bin\jimage.dll
Event: 0.359 Loaded shared library C:\Program Files\Java\jdk-24\bin\extnet.dll
Event: 0.446 Loaded shared library C:\Program Files\Java\jdk-24\bin\management.dll
Event: 0.464 Loaded shared library C:\Program Files\Java\jdk-24\bin\management_ext.dll
Event: 2.027 Loaded shared library C:\Program Files\Java\jdk-24\bin\sunmscapi.dll
Event: 4.839 Loaded shared library C:\Program Files\Java\jdk-24\bin\verify.dll

Deoptimization events (20 events):
Event: 4800.967 Thread 0x000001d2d077bfc0 DEOPT PACKING pc=0x000001d2f4eff710 sp=0x00000092ee4ff520
Event: 4800.967 Thread 0x000001d2d077bfc0 DEOPT UNPACKING pc=0x000001d2f4427282 sp=0x00000092ee4ff350 mode 2
Event: 4835.546 Thread 0x000001d2d533ef30 DEOPT PACKING pc=0x000001d2ed7661af sp=0x00000092ec9fd910
Event: 4835.546 Thread 0x000001d2d533ef30 DEOPT UNPACKING pc=0x000001d2f4365722 sp=0x00000092ec9fcd90 mode 0
Event: 4841.227 Thread 0x000001d2d533e7e0 Uncommon trap: trap_request=0xffffffbe fr.pc=0x000001d2f4f1dacc relative=0x0000000000000b4c
Event: 4841.227 Thread 0x000001d2d533e7e0 Uncommon trap: reason=profile_predicate action=maybe_recompile pc=0x000001d2f4f1dacc method=java.math.BigInteger.montReduce([I[III)[I @ 56 c2
Event: 4841.227 Thread 0x000001d2d533e7e0 DEOPT PACKING pc=0x000001d2f4f1dacc sp=0x00000092ec9fd930
Event: 4841.227 Thread 0x000001d2d533e7e0 DEOPT UNPACKING pc=0x000001d2f4427282 sp=0x00000092ec9fd8f8 mode 2
Event: 4841.227 Thread 0x000001d2d533e7e0 Uncommon trap: trap_request=0xffffffbe fr.pc=0x000001d2f4f1dacc relative=0x0000000000000b4c
Event: 4841.227 Thread 0x000001d2d533e7e0 Uncommon trap: reason=profile_predicate action=maybe_recompile pc=0x000001d2f4f1dacc method=java.math.BigInteger.montReduce([I[III)[I @ 56 c2
Event: 4841.227 Thread 0x000001d2d533e7e0 DEOPT PACKING pc=0x000001d2f4f1dacc sp=0x00000092ec9fd920
Event: 4841.227 Thread 0x000001d2d533e7e0 DEOPT UNPACKING pc=0x000001d2f4427282 sp=0x00000092ec9fd908 mode 2
Event: 4841.227 Thread 0x000001d2d533e7e0 Uncommon trap: trap_request=0xffffffbe fr.pc=0x000001d2f4f1dacc relative=0x0000000000000b4c
Event: 4841.227 Thread 0x000001d2d533e7e0 Uncommon trap: reason=profile_predicate action=maybe_recompile pc=0x000001d2f4f1dacc method=java.math.BigInteger.montReduce([I[III)[I @ 56 c2
Event: 4841.227 Thread 0x000001d2d533e7e0 DEOPT PACKING pc=0x000001d2f4f1dacc sp=0x00000092ec9fda40
Event: 4841.227 Thread 0x000001d2d533e7e0 DEOPT UNPACKING pc=0x000001d2f4427282 sp=0x00000092ec9fda28 mode 2
Event: 4841.227 Thread 0x000001d2d533e7e0 Uncommon trap: trap_request=0xffffffbe fr.pc=0x000001d2f4f1dacc relative=0x0000000000000b4c
Event: 4841.227 Thread 0x000001d2d533e7e0 Uncommon trap: reason=profile_predicate action=maybe_recompile pc=0x000001d2f4f1dacc method=java.math.BigInteger.montReduce([I[III)[I @ 56 c2
Event: 4841.227 Thread 0x000001d2d533e7e0 DEOPT PACKING pc=0x000001d2f4f1dacc sp=0x00000092ec9fd930
Event: 4841.227 Thread 0x000001d2d533e7e0 DEOPT UNPACKING pc=0x000001d2f4427282 sp=0x00000092ec9fd8f8 mode 2

Classes loaded (20 events):
Event: 83.797 Loading class java/util/ArrayList$SubList$1
Event: 83.797 Loading class java/util/ArrayList$SubList$1 done
Event: 1519.181 Loading class sun/security/ssl/Alert
Event: 1519.211 Loading class sun/security/ssl/Alert done
Event: 1519.219 Loading class sun/security/ssl/Alert$AlertConsumer
Event: 1519.226 Loading class sun/security/ssl/Alert$AlertConsumer done
Event: 1519.226 Loading class sun/security/ssl/Alert$Level
Event: 1519.227 Loading class sun/security/ssl/Alert$Level done
Event: 1519.235 Loading class sun/net/ConnectionResetException
Event: 1519.236 Loading class sun/net/ConnectionResetException done
Event: 4589.251 Loading class java/util/stream/ReferencePipeline$4
Event: 4589.252 Loading class java/util/stream/ReferencePipeline$4 done
Event: 4589.254 Loading class java/util/function/IntBinaryOperator
Event: 4589.254 Loading class java/util/function/IntBinaryOperator done
Event: 4589.256 Loading class java/util/stream/ReduceOps$7
Event: 4589.257 Loading class java/util/stream/ReduceOps$7 done
Event: 4589.257 Loading class java/util/stream/ReduceOps$6ReducingSink
Event: 4589.258 Loading class java/util/stream/ReduceOps$6ReducingSink done
Event: 4589.258 Loading class java/util/stream/ReferencePipeline$4$1
Event: 4589.258 Loading class java/util/stream/ReferencePipeline$4$1 done

Classes unloaded (0 events):
No events

Classes redefined (0 events):
No events

Internal exceptions (20 events):
Event: 9.335 Thread 0x000001d2d053c460 Exception <a 'java/lang/NoSuchMethodError'{0x0000000612df8550}: 'java.lang.Object java.lang.invoke.DirectMethodHandle$Holder.newInvokeSpecial(java.lang.Object, java.lang.Object, int, java.lang.Object, java.lang.Object)'> (0x0000000612df8550) 
thrown [s\open\src\hotspot\share\interpreter\linkResolver.cpp, line 805]
Event: 15.645 Thread 0x000001d2d1b190e0 Exception <a 'java/lang/NoSuchMethodError'{0x0000000612148850}: 'java.lang.Object java.lang.invoke.DirectMethodHandle$Holder.invokeStatic(java.lang.Object, java.lang.Object, java.lang.Object, int, int)'> (0x0000000612148850) 
thrown [s\open\src\hotspot\share\interpreter\linkResolver.cpp, line 805]
Event: 15.646 Thread 0x000001d2d1b190e0 Exception <a 'java/lang/NoSuchMethodError'{0x00000006121507c0}: 'java.lang.Object java.lang.invoke.DirectMethodHandle$Holder.invokeStaticInit(java.lang.Object, java.lang.Object, java.lang.Object, int, int)'> (0x00000006121507c0) 
thrown [s\open\src\hotspot\share\interpreter\linkResolver.cpp, line 805]
Event: 15.693 Thread 0x000001d2d0bbb730 Exception <a 'java/lang/NoSuchMethodError'{0x0000000612f40e18}: 'java.lang.Object java.lang.invoke.DirectMethodHandle$Holder.invokeSpecial(java.lang.Object, java.lang.Object, java.lang.Object, java.lang.Object, java.lang.Object, long)'> (0x0000000612f40e18) 
thrown [s\open\src\hotspot\share\interpreter\linkResolver.cpp, line 805]
Event: 15.694 Thread 0x000001d2d0bbb730 Exception <a 'java/lang/NoSuchMethodError'{0x0000000612f49738}: 'java.lang.Object java.lang.invoke.DirectMethodHandle$Holder.invokeSpecial(java.lang.Object, java.lang.Object, java.lang.Object, java.lang.Object, java.lang.Object, java.lang.Object, long)'> (0x0000000612f49738) 
thrown [s\open\src\hotspot\share\interpreter\linkResolver.cpp, line 805]
Event: 15.694 Thread 0x000001d2d0bbb730 Exception <a 'java/lang/NoSuchMethodError'{0x0000000612f51ab0}: 'java.lang.Object java.lang.invoke.DelegatingMethodHandle$Holder.reinvoke_L(java.lang.Object, java.lang.Object, java.lang.Object, java.lang.Object, java.lang.Object, long)'> (0x0000000612f51ab0) 
thrown [s\open\src\hotspot\share\interpreter\linkResolver.cpp, line 805]
Event: 15.694 Thread 0x000001d2d0bbb730 Exception <a 'java/lang/NoSuchMethodError'{0x0000000612f61e70}: 'java.lang.Object java.lang.invoke.Invokers$Holder.linkToTargetMethod(java.lang.Object, java.lang.Object, java.lang.Object, long, java.lang.Object)'> (0x0000000612f61e70) 
thrown [s\open\src\hotspot\share\interpreter\linkResolver.cpp, line 805]
Event: 15.762 Thread 0x000001d2d0bbb730 Exception <a 'java/lang/NoSuchMethodError'{0x0000000611f31bf8}: 'java.lang.Object java.lang.invoke.DirectMethodHandle$Holder.invokeStatic(java.lang.Object, int, int)'> (0x0000000611f31bf8) 
thrown [s\open\src\hotspot\share\interpreter\linkResolver.cpp, line 805]
Event: 21.418 Thread 0x000001d2d1b18240 Exception <a 'java/lang/NoSuchMethodError'{0x000000060fa45aa0}: 'void java.lang.invoke.DirectMethodHandle$Holder.invokeSpecialIFC(java.lang.Object, java.lang.Object, int, java.lang.Object, java.lang.Object, java.lang.Object, java.lang.Object)'> (0x000000060fa45aa0) 
thrown [s\open\src\hotspot\share\interpreter\linkResolver.cpp, line 805]
Event: 21.465 Thread 0x000001d2d1b18240 Exception <a 'java/lang/NoSuchMethodError'{0x000000060f472690}: 'void java.lang.invoke.Invokers$Holder.invokeExact_MT(java.lang.Object, java.lang.Object, int, java.lang.Object)'> (0x000000060f472690) 
thrown [s\open\src\hotspot\share\interpreter\linkResolver.cpp, line 805]
Event: 21.576 Thread 0x000001d2d1b18240 Exception <a 'java/lang/NoSuchMethodError'{0x000000060f6a6b48}: 'int java.lang.invoke.Invokers$Holder.invokeExact_MT(java.lang.Object, java.lang.Object, java.lang.Object)'> (0x000000060f6a6b48) 
thrown [s\open\src\hotspot\share\interpreter\linkResolver.cpp, line 805]
Event: 21.585 Thread 0x000001d2d1b18240 Exception <a 'java/lang/NoSuchMethodError'{0x000000060f739010}: 'int java.lang.invoke.DirectMethodHandle$Holder.invokeStatic(java.lang.Object, java.lang.Object, int, int)'> (0x000000060f739010) 
thrown [s\open\src\hotspot\share\interpreter\linkResolver.cpp, line 805]
Event: 45.522 Thread 0x000001d2d1b1ae20 Exception <a 'java/lang/IncompatibleClassChangeError'{0x000000060e8a35e0}: Found class java.lang.Object, but interface was expected> (0x000000060e8a35e0) 
thrown [s\open\src\hotspot\share\interpreter\linkResolver.cpp, line 872]
Event: 45.534 Thread 0x000001d2d1b1ae20 Exception <a 'java/lang/IncompatibleClassChangeError'{0x000000060e8d7488}: Found class java.lang.Object, but interface was expected> (0x000000060e8d7488) 
thrown [s\open\src\hotspot\share\interpreter\linkResolver.cpp, line 872]
Event: 45.541 Thread 0x000001d2d1b1ae20 Exception <a 'java/lang/IncompatibleClassChangeError'{0x000000060e914f58}: Found class java.lang.Object, but interface was expected> (0x000000060e914f58) 
thrown [s\open\src\hotspot\share\interpreter\linkResolver.cpp, line 872]
Event: 45.546 Thread 0x000001d2d1b1ae20 Implicit null exception at 0x000001d2f4d83ece to 0x000001d2f4d83ff8
Event: 1519.228 Thread 0x000001d2d533ef30 Exception <a 'java/io/IOException'{0x000000060d6a7bf0}> (0x000000060d6a7bf0) 
thrown [s\open\src\hotspot\share\prims\jni.cpp, line 518]
Event: 1519.234 Thread 0x000001d2d533ef30 Exception <a 'java/io/IOException'{0x000000060d6a9088}> (0x000000060d6a9088) 
thrown [s\open\src\hotspot\share\prims\jni.cpp, line 518]
Event: 3209.660 Thread 0x000001d2d533e7e0 Exception <a 'java/io/IOException'{0x00000006126b10e8}> (0x00000006126b10e8) 
thrown [s\open\src\hotspot\share\prims\jni.cpp, line 518]
Event: 3209.664 Thread 0x000001d2d533e7e0 Exception <a 'java/io/IOException'{0x00000006126b2028}> (0x00000006126b2028) 
thrown [s\open\src\hotspot\share\prims\jni.cpp, line 518]

VM Operations (20 events):
Event: 21.408 Executing VM operation: HandshakeAllThreads (Deoptimize)
Event: 21.408 Executing VM operation: HandshakeAllThreads (Deoptimize) done
Event: 21.572 Executing VM operation: HandshakeAllThreads (Deoptimize)
Event: 21.572 Executing VM operation: HandshakeAllThreads (Deoptimize) done
Event: 60.017 Executing VM operation: HandshakeAllThreads (HandshakeForDeflation)
Event: 60.017 Executing VM operation: HandshakeAllThreads (HandshakeForDeflation) done
Event: 60.017 Executing VM operation: RendezvousGCThreads
Event: 60.017 Executing VM operation: RendezvousGCThreads done
Event: 120.262 Executing VM operation: HandshakeAllThreads (HandshakeForDeflation)
Event: 120.262 Executing VM operation: HandshakeAllThreads (HandshakeForDeflation) done
Event: 120.262 Executing VM operation: RendezvousGCThreads
Event: 120.262 Executing VM operation: RendezvousGCThreads done
Event: 527.173 Executing VM operation: G1CollectForAllocation (G1 Evacuation Pause)
Event: 527.194 Executing VM operation: G1CollectForAllocation (G1 Evacuation Pause) done
Event: 1588.452 Executing VM operation: G1CollectForAllocation (G1 Evacuation Pause)
Event: 1588.466 Executing VM operation: G1CollectForAllocation (G1 Evacuation Pause) done
Event: 2828.476 Executing VM operation: G1CollectForAllocation (G1 Evacuation Pause)
Event: 2828.513 Executing VM operation: G1CollectForAllocation (G1 Evacuation Pause) done
Event: 4205.429 Executing VM operation: G1CollectForAllocation (G1 Evacuation Pause)
Event: 4205.461 Executing VM operation: G1CollectForAllocation (G1 Evacuation Pause) done

Memory protections (0 events):
No events

Nmethod flushes (20 events):
Event: 6.629 Thread 0x000001d2fe6760a0 flushing  nmethod 0x000001d2ed0db588
Event: 6.629 Thread 0x000001d2fe6760a0 flushing  nmethod 0x000001d2ed107c08
Event: 6.629 Thread 0x000001d2fe6760a0 flushing  nmethod 0x000001d2ed13c608
Event: 6.629 Thread 0x000001d2fe6760a0 flushing  nmethod 0x000001d2ed15fa08
Event: 6.629 Thread 0x000001d2fe6760a0 flushing  nmethod 0x000001d2ed1a1108
Event: 6.629 Thread 0x000001d2fe6760a0 flushing  nmethod 0x000001d2ed1d1d08
Event: 6.629 Thread 0x000001d2fe6760a0 flushing  nmethod 0x000001d2ed200508
Event: 6.629 Thread 0x000001d2fe6760a0 flushing  nmethod 0x000001d2ed202088
Event: 6.629 Thread 0x000001d2fe6760a0 flushing  nmethod 0x000001d2ed203288
Event: 6.629 Thread 0x000001d2fe6760a0 flushing  nmethod 0x000001d2ed205088
Event: 6.629 Thread 0x000001d2fe6760a0 flushing  nmethod 0x000001d2ed25d508
Event: 6.629 Thread 0x000001d2fe6760a0 flushing  nmethod 0x000001d2ed27f608
Event: 6.629 Thread 0x000001d2fe6760a0 flushing  nmethod 0x000001d2ed286a08
Event: 6.629 Thread 0x000001d2fe6760a0 flushing  nmethod 0x000001d2ed379e88
Event: 6.629 Thread 0x000001d2fe6760a0 flushing  nmethod 0x000001d2ed3ad688
Event: 6.629 Thread 0x000001d2fe6760a0 flushing  nmethod 0x000001d2ed3f5408
Event: 6.629 Thread 0x000001d2fe6760a0 flushing  nmethod 0x000001d2ed4a7988
Event: 6.629 Thread 0x000001d2fe6760a0 flushing  nmethod 0x000001d2ed4a8088
Event: 6.629 Thread 0x000001d2fe6760a0 flushing  nmethod 0x000001d2ed4a8a08
Event: 6.629 Thread 0x000001d2fe6760a0 flushing  nmethod 0x000001d2ed62cc08

Events (20 events):
Event: 3501.444 Thread 0x000001d2d533caa0 Thread exited: 0x000001d2d533caa0
Event: 3501.520 Thread 0x000001d2d533e090 Thread exited: 0x000001d2d533e090
Event: 3533.026 Thread 0x000001d2d16f5860 Thread added: 0x000001d2d533c350
Event: 3533.037 Thread 0x000001d2d533c350 Thread added: 0x000001d2d533f680
Event: 3538.038 Thread 0x000001d2d533c350 Thread exited: 0x000001d2d533c350
Event: 3538.099 Thread 0x000001d2d533f680 Thread exited: 0x000001d2d533f680
Event: 4449.029 Thread 0x000001d2d16f5860 Thread added: 0x000001d2d533c350
Event: 4449.035 Thread 0x000001d2d533c350 Thread added: 0x000001d2d533e090
Event: 4454.038 Thread 0x000001d2d533c350 Thread exited: 0x000001d2d533c350
Event: 4454.114 Thread 0x000001d2d533e090 Thread exited: 0x000001d2d533e090
Event: 4658.177 Thread 0x000001d2d16f5860 Thread added: 0x000001d2d533c350
Event: 4658.178 Thread 0x000001d2d533c350 Thread added: 0x000001d2d533d1f0
Event: 4663.178 Thread 0x000001d2d533c350 Thread exited: 0x000001d2d533c350
Event: 4663.227 Thread 0x000001d2d533d1f0 Thread exited: 0x000001d2d533d1f0
Event: 4835.536 Thread 0x000001d2d16f5860 Thread added: 0x000001d2d533caa0
Event: 4835.537 Thread 0x000001d2d533caa0 Thread added: 0x000001d2d533ef30
Event: 4840.538 Thread 0x000001d2d533caa0 Thread exited: 0x000001d2d533caa0
Event: 4840.587 Thread 0x000001d2d533ef30 Thread exited: 0x000001d2d533ef30
Event: 4841.222 Thread 0x000001d2d16f5860 Thread added: 0x000001d2d533c350
Event: 4841.223 Thread 0x000001d2d533c350 Thread added: 0x000001d2d533e7e0


Dynamic libraries:
0x00007ff7e2670000 - 0x00007ff7e2680000 	C:\Program Files\Java\jdk-24\bin\java.exe
0x00007ffa4ac40000 - 0x00007ffa4aea7000 	C:\WINDOWS\SYSTEM32\ntdll.dll
0x00007ffa4a000000 - 0x00007ffa4a0c9000 	C:\WINDOWS\System32\KERNEL32.DLL
0x00007ffa47f70000 - 0x00007ffa4835f000 	C:\WINDOWS\System32\KERNELBASE.dll
0x00007ffa485a0000 - 0x00007ffa486eb000 	C:\WINDOWS\System32\ucrtbase.dll
0x00007ffa35cf0000 - 0x00007ffa35d06000 	C:\Program Files\Java\jdk-24\bin\jli.dll
0x00007ffa36010000 - 0x00007ffa3602b000 	C:\Program Files\Java\jdk-24\bin\VCRUNTIME140.dll
0x00007ffa489f0000 - 0x00007ffa48bb5000 	C:\WINDOWS\System32\USER32.dll
0x00007ffa46f90000 - 0x00007ffa47223000 	C:\WINDOWS\WinSxS\amd64_microsoft.windows.common-controls_6595b64144ccf1df_6.0.26100.7309_none_3e05feeae336a044\COMCTL32.dll
0x00007ffa484e0000 - 0x00007ffa48507000 	C:\WINDOWS\System32\win32u.dll
0x00007ffa49f50000 - 0x00007ffa49f7b000 	C:\WINDOWS\System32\GDI32.dll
0x00007ffa4a7e0000 - 0x00007ffa4a889000 	C:\WINDOWS\System32\msvcrt.dll
0x00007ffa47d90000 - 0x00007ffa47ebc000 	C:\WINDOWS\System32\gdi32full.dll
0x00007ffa47ec0000 - 0x00007ffa47f63000 	C:\WINDOWS\System32\msvcp_win.dll
0x00007ffa497f0000 - 0x00007ffa49821000 	C:\WINDOWS\System32\IMM32.DLL
0x00007ffa41fc0000 - 0x00007ffa41fcc000 	C:\Program Files\Java\jdk-24\bin\vcruntime140_1.dll
0x00007ffa1f120000 - 0x00007ffa1f1ae000 	C:\Program Files\Java\jdk-24\bin\msvcp140.dll
0x00007ff9f7520000 - 0x00007ff9f82c2000 	C:\Program Files\Java\jdk-24\bin\server\jvm.dll
0x00007ffa49350000 - 0x00007ffa49404000 	C:\WINDOWS\System32\ADVAPI32.dll
0x00007ffa4a0d0000 - 0x00007ffa4a176000 	C:\WINDOWS\System32\sechost.dll
0x00007ffa4a1d0000 - 0x00007ffa4a2e8000 	C:\WINDOWS\System32\RPCRT4.dll
0x00007ffa49f80000 - 0x00007ffa49ff4000 	C:\WINDOWS\System32\WS2_32.dll
0x00007ffa47bf0000 - 0x00007ffa47c4e000 	C:\WINDOWS\SYSTEM32\POWRPROF.dll
0x00007ffa351c0000 - 0x00007ffa351f5000 	C:\WINDOWS\SYSTEM32\WINMM.dll
0x00007ffa405b0000 - 0x00007ffa405bb000 	C:\WINDOWS\SYSTEM32\VERSION.dll
0x00007ffa47bd0000 - 0x00007ffa47be4000 	C:\WINDOWS\SYSTEM32\UMPDC.dll
0x00007ffa46400000 - 0x00007ffa4641b000 	C:\WINDOWS\SYSTEM32\kernel.appcore.dll
0x00007ffa41ed0000 - 0x00007ffa41eda000 	C:\Program Files\Java\jdk-24\bin\jimage.dll
0x00007ffa47540000 - 0x00007ffa47782000 	C:\WINDOWS\SYSTEM32\DBGHELP.DLL
0x00007ffa4a2f0000 - 0x00007ffa4a675000 	C:\WINDOWS\System32\combase.dll
0x00007ffa4a680000 - 0x00007ffa4a756000 	C:\WINDOWS\System32\OLEAUT32.dll
0x00007ffa47430000 - 0x00007ffa4746c000 	C:\WINDOWS\SYSTEM32\dbgcore.DLL
0x00007ffa48370000 - 0x00007ffa48415000 	C:\WINDOWS\System32\bcryptPrimitives.dll
0x00007ffa36d00000 - 0x00007ffa36d0f000 	C:\Program Files\Java\jdk-24\bin\instrument.dll
0x00007ffa32150000 - 0x00007ffa3216e000 	C:\Program Files\Java\jdk-24\bin\java.dll
0x00007ffa49410000 - 0x00007ffa495a7000 	C:\WINDOWS\System32\ole32.dll
0x00007ffa48bf0000 - 0x00007ffa49343000 	C:\WINDOWS\System32\SHELL32.dll
0x00007ffa48870000 - 0x00007ffa489da000 	C:\WINDOWS\System32\wintypes.dll
0x00007ffa44f00000 - 0x00007ffa4575e000 	C:\WINDOWS\SYSTEM32\windows.storage.dll
0x00007ffa4a890000 - 0x00007ffa4a985000 	C:\WINDOWS\System32\SHCORE.dll
0x00007ffa498c0000 - 0x00007ffa49926000 	C:\WINDOWS\System32\shlwapi.dll
0x00007ffa47cb0000 - 0x00007ffa47cd9000 	C:\WINDOWS\SYSTEM32\profapi.dll
0x00007ffa1edc0000 - 0x00007ffa1ee97000 	C:\Program Files\Java\jdk-24\bin\jsvml.dll
0x00007ffa2e710000 - 0x00007ffa2e727000 	C:\Program Files\Java\jdk-24\bin\zip.dll
0x00007ffa40b90000 - 0x00007ffa40ba0000 	C:\Program Files\Java\jdk-24\bin\net.dll
0x00007ffa46950000 - 0x00007ffa469bb000 	C:\WINDOWS\system32\mswsock.dll
0x00007ffa31580000 - 0x00007ffa31596000 	C:\Program Files\Java\jdk-24\bin\nio.dll
0x00007ffa36730000 - 0x00007ffa36739000 	C:\Program Files\Java\jdk-24\bin\extnet.dll
0x00007ffa45ca0000 - 0x00007ffa45dcc000 	C:\WINDOWS\SYSTEM32\DNSAPI.dll
0x00007ffa45c10000 - 0x00007ffa45c44000 	C:\WINDOWS\SYSTEM32\IPHLPAPI.DLL
0x00007ffa489e0000 - 0x00007ffa489ea000 	C:\WINDOWS\System32\NSI.dll
0x00007ffa3f6a0000 - 0x00007ffa3f6ab000 	C:\Windows\System32\rasadhlp.dll
0x00007ffa3f6b0000 - 0x00007ffa3f736000 	C:\WINDOWS\System32\fwpuclnt.dll
0x00007ffa36640000 - 0x00007ffa3664a000 	C:\Program Files\Java\jdk-24\bin\management.dll
0x00007ffa365f0000 - 0x00007ffa365fb000 	C:\Program Files\Java\jdk-24\bin\management_ext.dll
0x00007ffa4aad0000 - 0x00007ffa4aad8000 	C:\WINDOWS\System32\PSAPI.DLL
0x00007ffa478b0000 - 0x00007ffa478cb000 	C:\WINDOWS\SYSTEM32\CRYPTSP.dll
0x00007ffa46360000 - 0x00007ffa4639a000 	C:\WINDOWS\system32\rsaenh.dll
0x00007ffa46a00000 - 0x00007ffa46a2b000 	C:\WINDOWS\SYSTEM32\USERENV.dll
0x00007ffa47c80000 - 0x00007ffa47caa000 	C:\WINDOWS\SYSTEM32\bcrypt.dll
0x00007ffa46c10000 - 0x00007ffa46c1c000 	C:\WINDOWS\SYSTEM32\CRYPTBASE.dll
0x00007ffa20df0000 - 0x00007ffa20e08000 	C:\WINDOWS\system32\napinsp.dll
0x00007ffa20c10000 - 0x00007ffa20c22000 	C:\WINDOWS\System32\winrnr.dll
0x00007ffa20890000 - 0x00007ffa208b2000 	C:\WINDOWS\system32\nlansp_c.dll
0x00007ffa20bb0000 - 0x00007ffa20bc6000 	C:\WINDOWS\system32\wshbth.dll
0x00007ffa33fd0000 - 0x00007ffa34026000 	C:\WINDOWS\SYSTEM32\pdh.dll
0x00007ffa474e0000 - 0x00007ffa474f2000 	C:\WINDOWS\System32\perfproc.dll
0x00007ffa367f0000 - 0x00007ffa367fe000 	C:\Program Files\Java\jdk-24\bin\sunmscapi.dll
0x00007ffa486f0000 - 0x00007ffa48867000 	C:\WINDOWS\System32\CRYPT32.dll
0x00007ffa46d90000 - 0x00007ffa46dc0000 	C:\WINDOWS\SYSTEM32\ncrypt.dll
0x00007ffa46d40000 - 0x00007ffa46d7f000 	C:\WINDOWS\SYSTEM32\NTASN1.dll
0x00007ffa36190000 - 0x00007ffa361a0000 	C:\Program Files\Java\jdk-24\bin\verify.dll
0x00007ffa1c690000 - 0x00007ffa1c698000 	C:\WINDOWS\system32\wshunix.dll

JVMTI agents:
C:\Program Files\JetBrains\IntelliJ IDEA 2025.1.2\lib\idea_rt.jar path:C:\Program Files\Java\jdk-24\bin\instrument.dll, loaded, initialized, instrumentlib options:54956

dbghelp: loaded successfully - version: 4.0.5 - missing functions: none
symbol engine: initialized successfully - sym options: 0x614 - pdb path: .;C:\Program Files\Java\jdk-24\bin;C:\WINDOWS\SYSTEM32;C:\WINDOWS\WinSxS\amd64_microsoft.windows.common-controls_6595b64144ccf1df_6.0.26100.7309_none_3e05feeae336a044;C:\Program Files\Java\jdk-24\bin\server

VM Arguments:
jvm_args: -javaagent:C:\Program Files\JetBrains\IntelliJ IDEA 2025.1.2\lib\idea_rt.jar=54956 -Dfile.encoding=UTF-8 -Dsun.stdout.encoding=UTF-8 -Dsun.stderr.encoding=UTF-8 
java_command: com.lmt.Kanban.KanbanBoardApp
java_class_path (initial): D:\Professional_Life\PersonalProject\KanbanBoardBEv1\target\classes;C:\Users\MTXT MSI\.m2\repository\org\springframework\boot\spring-boot-starter-web\3.5.0\spring-boot-starter-web-3.5.0.jar;C:\Users\MTXT MSI\.m2\repository\org\springframework\boot\spring-boot-starter\3.5.0\spring-boot-starter-3.5.0.jar;C:\Users\MTXT MSI\.m2\repository\org\springframework\boot\spring-boot-starter-logging\3.5.0\spring-boot-starter-logging-3.5.0.jar;C:\Users\MTXT MSI\.m2\repository\ch\qos\logback\logback-classic\1.5.18\logback-classic-1.5.18.jar;C:\Users\MTXT MSI\.m2\repository\ch\qos\logback\logback-core\1.5.18\logback-core-1.5.18.jar;C:\Users\MTXT MSI\.m2\repository\org\apache\logging\log4j\log4j-to-slf4j\2.24.3\log4j-to-slf4j-2.24.3.jar;C:\Users\MTXT MSI\.m2\repository\org\apache\logging\log4j\log4j-api\2.24.3\log4j-api-2.24.3.jar;C:\Users\MTXT MSI\.m2\repository\org\slf4j\jul-to-slf4j\2.0.17\jul-to-slf4j-2.0.17.jar;C:\Users\MTXT MSI\.m2\repository\jakarta\annotation\jakarta.annotation-api\2.1.1\jakarta.annotation-api-2.1.1.jar;C:\Users\MTXT MSI\.m2\repository\org\yaml\snakeyaml\2.4\snakeyaml-2.4.jar;C:\Users\MTXT MSI\.m2\repository\org\springframework\boot\spring-boot-starter-json\3.5.0\spring-boot-starter-json-3.5.0.jar;C:\Users\MTXT MSI\.m2\repository\com\fasterxml\jackson\datatype\jackson-datatype-jdk8\2.19.0\jackson-datatype-jdk8-2.19.0.jar;C:\Users\MTXT MSI\.m2\repository\com\fasterxml\jackson\datatype\jackson-datatype-jsr310\2.19.0\jackson-datatype-jsr310-2.19.0.jar;C:\Users\MTXT MSI\.m2\repository\com\fasterxml\jackson\module\jackson-module-parameter-names\2.19.0\jackson-module-parameter-names-2.19.0.jar;C:\Users\MTXT MSI\.m2\repository\org\springframework\boot\spring-boot-starter-tomcat\3.5.0\spring-boot-starter-tomcat-3.5.0.jar;C:\Users\MTXT MSI\.m2\repository\org\apache\tomcat\embed\tomcat-embed-core\10.1.41\tomcat-embed-core-10.1.41.jar;C:\Users\MTXT MSI\.m2\repository\org\apache\tomcat\embed\tomcat-embed-websocket\10.1.41\tomcat-embed-websocket-10.1.41.jar;C:\Users\MTXT MSI\.m2\repository\org\springframework\spring-web\6.2.7\spring-web-6.2.7.jar;C:\Users\MTXT MSI\.m2\repository\org\springframework\spring-beans\6.2.7\spring-beans-6.2.7.jar;C:\Users\MTXT MSI\.m2\repository\io\micrometer\micrometer-observation\1.15.0\micrometer-observation-1.15.0.jar;C:\Users\MTXT MSI\.m2\repository\io\micrometer\micrometer-commons\1.15.0\micrometer-commons-1.15.0.jar;C:\Users\MTXT MSI\.m2\repository\org\springframework\spring-webmvc\6.2.7\spring-webmvc-6.2.7.jar;C:\Users\MTXT MSI\.m2\repository\org\springframework\spring-context\6.2.7\spring-context-6.2.7.jar;C:\Users\MTXT MSI\.m2\repository\org\springframework\spring-expression\6.2.7\spring-expression-6.2.7.jar;C:\Users\MTXT MSI\.m2\repository\org\springframework\boot\spring-boot-starter-data-jpa\3.5.0\spring-boot-starter-data-jpa-3.5.0.jar;C:\Users\MTXT MSI\.m2\repository\org\springframework\boot\spring-boot-starter-jdbc\3.5.0\spring-boot-starter-jdbc-3.5.0.jar;C:\Users\MTXT MSI\.m2\repository\com\zaxxer\HikariCP\6.3.0\HikariCP-6.3.0.jar;C:\Users\MTXT MSI\.m2\repository\org\springframework\spring-jdbc\6.2.7\spring-jdbc-6.2.7.jar;C:\Users\MTXT MSI\.m2\repository\org\hibernate\orm\hibernate-core\6.6.15.Final\hibernate-core-6.6.15.Final.jar;C:\Users\MTXT MSI\.m2\repository\jakarta\persistence\jakarta.persistence-api\3.1.0\jakarta.persistence-api-3.1.0.jar;C:\Users\MTXT MSI\.m2\repository\jakarta\transaction\jakarta.transaction-api\2.0.1\jakarta.transaction-api-2.0.1.jar;C:\Users\MTXT MSI\.m2\repository\org\jboss\logging\jboss-logging\3.6.1.Final\jboss-logging-3.6.1.Final.jar;C:\Users\MTXT MSI\.m2\repository\org\hibernate\common\hibernate-commons-annotations\7.0.3.Final\hibernate-commons-annotations-7.0.3.Final.jar;C:\Users\MTXT MSI\.m2\repository\io\smallrye\jandex\3.2.0\jandex-3.2.0.jar;C:\Users\MTXT MSI\.m2\repository\com\fasterxml\classmate\1.7.0\classmate-1.7.0.jar;C:\Users\MTXT MSI\.m2\repository\net\bytebuddy\byte-buddy\1.17.5\byte-buddy-1.17.5.jar;C:\Users\MTXT MSI\.m2\repository\org\glassfish\jaxb\jaxb-runtime\4.0.5\jaxb-runtime-4.0.5.jar;C:\Users\MTXT MSI\.m2\repository\org\glassfish\jaxb\jaxb-core\4.0.5\jaxb-core-4.0.5.jar;C:\Users\MTXT MSI\.m2\repository\org\eclipse\angus\angus-activation\2.0.2\angus-activation-2.0.2.jar;C:\Users\MTXT MSI\.m2\repository\org\glassfish\jaxb\txw2\4.0.5\txw2-4.0.5.jar;C:\Users\MTXT MSI\.m2\repository\com\sun\istack\istack-commons-runtime\4.1.2\istack-commons-runtime-4.1.2.jar;C:\Users\MTXT MSI\.m2\repository\jakarta\inject\jakarta.inject-api\2.0.1\jakarta.inject-api-2.0.1.jar;C:\Users\MTXT MSI\.m2\repository\org\antlr\antlr4-runtime\4.13.0\antlr4-runtime-4.13.0.jar;C:\Users\MTXT MSI\.m2\repository\org\springframework\data\spring-data-jpa\3.5.0\spring-data-jpa-3.5.0.jar;C:\Users\MTXT MSI\.m2\repository\org\springframework\data\spring-data-commons\3.5.0\spring-data-commons-3.5.0.jar;C:\Users\MTXT MSI\.m2\repository\org\springframework\spring-orm\6.2.7\spring-orm-6.2.7.jar;C:\Users\MTXT MSI\.m2\repository\org\springframework\spring-tx\6.2.7\spring-tx-6.2.7.jar;C:\Users\MTXT MSI\.m2\repository\org\slf4j\slf4j-api\2.0.17\slf4j-api-2.0.17.jar;C:\Users\MTXT MSI\.m2\repository\org\springframework\spring-aspects\6.2.7\spring-aspects-6.2.7.jar;C:\Users\MTXT MSI\.m2\repository\org\aspectj\aspectjweaver\1.9.24\aspectjweaver-1.9.24.jar;C:\Users\MTXT MSI\.m2\repository\com\mysql\mysql-connector-j\9.2.0\mysql-connector-j-9.2.0.jar;C:\Users\MTXT MSI\.m2\repository\org\projectlombok\lombok\1.18.38\lombok-1.18.38.jar;C:\Users\MTXT MSI\.m2\repository\org\springframework\boot\spring-boot-starter-validation\3.5.0\spring-boot-starter-validation-3.5.0.jar;C:\Users\MTXT MSI\.m2\repository\org\apache\tomcat\embed\tomcat-embed-el\10.1.41\tomcat-embed-el-10.1.41.jar;C:\Users\MTXT MSI\.m2\repository\org\hibernate\validator\hibernate-validator\8.0.2.Final\hibernate-validator-8.0.2.Final.jar;C:\Users\MTXT MSI\.m2\repository\jakarta\validation\jakarta.validation-api\3.0.2\jakarta.validation-api-3.0.2.jar;C:\Users\MTXT MSI\.m2\repository\jakarta\xml\bind\jakarta.xml.bind-api\4.0.2\jakarta.xml.bind-api-4.0.2.jar;C:\Users\MTXT MSI\.m2\repository\jakarta\activation\jakarta.activation-api\2.1.3\jakarta.activation-api-2.1.3.jar;C:\Users\MTXT MSI\.m2\repository\org\springframework\spring-core\6.2.7\spring-core-6.2.7.jar;C:\Users\MTXT MSI\.m2\repository\org\springframework\spring-jcl\6.2.7\spring-jcl-6.2.7.jar;C:\Users\MTXT MSI\.m2\repository\org\springframework\boot\spring-boot-devtools\3.5.3\spring-boot-devtools-3.5.3.jar;C:\Users\MTXT MSI\.m2\repository\org\springframework\boot\spring-boot\3.5.0\spring-boot-3.5.0.jar;C:\Users\MTXT MSI\.m2\repository\org\springframework\boot\spring-boot-autoconfigure\3.5.0\spring-boot-autoconfigure-3.5.0.jar;C:\Users\MTXT MSI\.m2\repository\org\springdoc\springdoc-openapi-starter-webmvc-ui\2.8.9\springdoc-openapi-starter-webmvc-ui-2.8.9.jar;C:\Users\MTXT MSI\.m2\repository\org\springdoc\springdoc-openapi-starter-webmvc-api\2.8.9\springdoc-openapi-starter-webmvc-api-2.8.9.jar;C:\Users\MTXT MSI\.m2\repository\org\springdoc\springdoc-openapi-starter-common\2.8.9\springdoc-openapi-starter-common-2.8.9.jar;C:\Users\MTXT MSI\.m2\repository\io\swagger\core\v3\swagger-core-jakarta\2.2.30\swagger-core-jakarta-2.2.30.jar;C:\Users\MTXT MSI\.m2\repository\org\apache\commons\commons-lang3\3.17.0\commons-lang3-3.17.0.jar;C:\Users\MTXT MSI\.m2\repository\io\swagger\core\v3\swagger-annotations-jakarta\2.2.30\swagger-annotations-jakarta-2.2.30.jar;C:\Users\MTXT MSI\.m2\repository\io\swagger\core\v3\swagger-models-jakarta\2.2.30\swagger-models-jakarta-2.2.30.jar;C:\Users\MTXT MSI\.m2\repository\com\fasterxml\jackson\dataformat\jackson-dataformat-yaml\2.19.0\jackson-dataformat-yaml-2.19.0.jar;C:\Users\MTXT MSI\.m2\repository\org\webjars\swagger-ui\5.21.0\swagger-ui-5.21.0.jar;C:\Users\MTXT MSI\.m2\repository\org\webjars\webjars-locator-lite\1.1.0\webjars-locator-lite-1.1.0.jar;C:\Users\MTXT MSI\.m2\repository\org\jspecify\jspecify\1.0.0\jspecify-1.0.0.jar;C:\Users\MTXT MSI\.m2\repository\org\springframework\boot\spring-boot-starter-security\3.5.0\spring-boot-starter-security-3.5.0.jar;C:\Users\MTXT MSI\.m2\repository\org\springframework\spring-aop\6.2.7\spring-aop-6.2.7.jar;C:\Users\MTXT MSI\.m2\repository\org\springframework\security\spring-security-config\6.5.0\spring-security-config-6.5.0.jar;C:\Users\MTXT MSI\.m2\repository\org\springframework\security\spring-security-core\6.5.0\spring-security-core-6.5.0.jar;C:\Users\MTXT MSI\.m2\repository\org\springframework\security\spring-security-crypto\6.5.0\spring-security-crypto-6.5.0.jar;C:\Users\MTXT MSI\.m2\repository\org\springframework\security\spring-security-web\6.5.0\spring-security-web-6.5.0.jar;C:\Users\MTXT MSI\.m2\repository\io\jsonwebtoken\jjwt-api\0.11.5\jjwt-api-0.11.5.jar;C:\Users\MTXT MSI\.m2\repository\io\jsonwebtoken\jjwt-impl\0.11.5\jjwt-impl-0.11.5.jar;C:\Users\MTXT MSI\.m2\repository\io\jsonwebtoken\jjwt-jackson\0.11.5\jjwt-jackson-0.11.5.jar;C:\Users\MTXT MSI\.m2\repository\com\fasterxml\jackson\core\jackson-databind\2.19.0\jackson-databind-2.19.0.jar;C:\Users\MTXT MSI\.m2\repository\com\fasterxml\jackson\core\jackson-annotations\2.19.0\jackson-annotations-2.19.0.jar;C:\Users\MTXT MSI\.m2\repository\com\fasterxml\jackson\core\jackson-core\2.19.0\jackson-core-2.19.0.jar;C:\Users\MTXT MSI\.m2\repository\org\mapstruct\mapstruct\1.6.3\mapstruct-1.6.3.jar
Launcher Type: SUN_STANDARD

[Global flags]
     intx CICompilerCount                          = 4                                         {product} {ergonomic}
     uint ConcGCThreads                            = 3                                         {product} {ergonomic}
     uint G1ConcRefinementThreads                  = 10                                        {product} {ergonomic}
   size_t G1HeapRegionSize                         = 4194304                                   {product} {ergonomic}
   size_t InitialHeapSize                          = 536870912                                 {product} {ergonomic}
   size_t MarkStackSize                            = 4194304                                   {product} {ergonomic}
   size_t MarkStackSizeMax                         = 536870912                                 {product} {ergonomic}
   size_t MaxHeapSize                              = 8543797248                                {product} {ergonomic}
   size_t MaxNewSize                               = 5125439488                                {product} {ergonomic}
   size_t MinHeapDeltaBytes                        = 4194304                                   {product} {ergonomic}
   size_t MinHeapSize                              = 8388608                                   {product} {ergonomic}
    uintx NonNMethodCodeHeapSize                   = 5832704                                {pd product} {ergonomic}
    uintx NonProfiledCodeHeapSize                  = 122945536                              {pd product} {ergonomic}
    uintx ProfiledCodeHeapSize                     = 122880000                              {pd product} {ergonomic}
    uintx ReservedCodeCacheSize                    = 251658240                              {pd product} {ergonomic}
     bool SegmentedCodeCache                       = true                                      {product} {ergonomic}
   size_t SoftMaxHeapSize                          = 8543797248                             {manageable} {ergonomic}
     bool UseCompressedOops                        = true                           {product lp64_product} {ergonomic}
     bool UseG1GC                                  = true                                      {product} {ergonomic}
     bool UseLargePagesIndividualAllocation        = false                                  {pd product} {ergonomic}

Logging:
Log output configuration:
 #0: stdout all=warning uptime,level,tags foldmultilines=false
 #1: stderr all=off uptime,level,tags foldmultilines=false

Environment Variables:
JAVA_HOME=C:\Program Files\Java\jdk-24
PATH=C:\Windows\system32;C:\Windows;C:\Windows\System32\Wbem;C:\Windows\System32\WindowsPowerShell\v1.0\;C:\Windows\System32\OpenSSH\;C:\Program Files (x86)\NVIDIA Corporation\PhysX\Common;C:\Program Files\NVIDIA Corporation\NVIDIA NvDLISR;C:\WINDOWS\system32;C:\WINDOWS;C:\WINDOWS\System32\Wbem;C:\WINDOWS\System32\WindowsPowerShell\v1.0\;C:\WINDOWS\System32\OpenSSH\;C:\Program Files (x86)\Microsoft SQL Server\160\Tools\Binn\;C:\Program Files\Microsoft SQL Server\160\Tools\Binn\;C:\Program Files\Microsoft SQL Server\Client SDK\ODBC\170\Tools\Binn\;C:\Program Files\Microsoft SQL Server\160\DTS\Binn\;C:\Program Files (x86)\Microsoft SQL Server\160\DTS\Binn\;C:\Program Files\Git\cmd;C:\Program Files\dotnet\;C:\Program Files\Java\jdk-24\BIN;C:\Program Files\apache-maven-3.9.9\BIN;C:\Program Files\Microsoft SQL Server\150\Tools\Binn\;C:\Program Files (x86)\Windows Kits\10\Windows Performance Toolkit\;C:\Program Files\nodejs\;C:\Program Files\Docker\Docker\resources\bin;C:\Program Files\Tailscale\;C:\Users\MTXT MSI\.cargo\bin;C:\Program Files (x86)\Common Files\Oracle\Java\javapath;
C:\ProgramData\Oracle\Java\javapath;
C:\Windows\system32;
C:\Windows;
C:\Windows\System32\Wbem;
C:\Windows\System32\WindowsPowerShell\v1.0\;
C:\Windows\System32\OpenSSH\;
C:\Program Files (x86)\NVIDIA Corporation\PhysX\Common;
C:\Program Files\NVIDIA Corporation\NVIDIA NvDLISR;
C:\Program Files\nodejs\;
C:\Program Files (x86)\Microsoft SQL Server\160\Tools\Binn\;
C:\Program Files\Microsoft SQL Server\160\Tools\Binn\;
C:\Program Files\Microsoft SQL Server\Client SDK\ODBC\170\Tools\Binn\;
C:\Program Files\Microsoft SQL Server\160\DTS\Binn\;
C:\Program Files (x86)\Microsoft SQL Server\160\DTS\Binn\;
C:\Program Files\Git\cmd;
C:\Users\MTXT MSI\AppData\Local\Microsoft\WindowsApps;
C:\Users\MTXT MSI\AppData\Local\Programs\Microsoft VS Code\bin;D:\Apps\PyCharm 2025.2.2\bin;C:\Users\MTXT MSI\AppData\Local\Microsoft\WindowsApps;C:\Users\MTXT MSI\.dotnet\tools;C:\Program Files\JetBrains\IntelliJ IDEA 2025.1.2\bin;C:\Users\MTXT MSI\AppData\Roaming\npm;C:\Program Files\JetBrains\DataGrip 2025.2.4\bin;C:\Users\MTXT MSI\AppData\Local\JetBrains\Toolbox\scripts
USERNAME=MTXT MSI
OS=Windows_NT
PROCESSOR_IDENTIFIER=Intel64 Family 6 Model 165 Stepping 2, GenuineIntel
TMP=C:\Users\MTXTMS~1\AppData\Local\Temp
TEMP=C:\Users\MTXTMS~1\AppData\Local\Temp




Periodic native trim disabled

---------------  S Y S T E M  ---------------

OS:
 Windows 11 , 64 bit Build 26100 (10.0.26100.7309)
OS uptime: 2 days 16:16 hours
Hyper-V role detected

CPU: total 12 (initial active 12) (6 cores per cpu, 2 threads per core) family 6 model 165 stepping 2 microcode 0xe2, cx8, cmov, fxsr, ht, mmx, 3dnowpref, sse, sse2, sse3, ssse3, sse4.1, sse4.2, popcnt, lzcnt, tsc, tscinvbit, avx, avx2, aes, erms, clmul, bmi1, bmi2, adx, fma, vzeroupper, clflush, clflushopt, hv, rdtscp, f16c
Processor Information for the first 12 processors :
  Max Mhz: 2592, Current Mhz: 2592, Mhz Limit: 2592

Memory: 4k page, system-wide physical 32589M (912M free)
TotalPageFile size 91522M (AvailPageFile size 9M)
current process WorkingSet (physical memory assigned to process): 155M, peak: 415M
current process commit charge ("private bytes"): 596M, peak: 696M

vm_info: Java HotSpot(TM) 64-Bit Server VM (24.0.1+9-30) for windows-amd64 JRE (24.0.1+9-30), built on 2025-03-05T07:23:45Z with MS VC++ 17.6 (VS2022)

END.
